<?xml version="1.0" encoding="UTF-8"?>
<!-- Generated by org.testng.reporters.JUnitReportReporter -->
<testsuite hostname="Supradeepa" failures="0" tests="1" name="demo.Testng" time="0.011" errors="0" timestamp="2023-09-06T20:07:55 IST" skipped="0">
  <testcase classname="demo.Testng" name="machine" time="0.011"/>
</testsuite> <!-- demo.Testng -->
