<?xml version="1.0" encoding="UTF-8"?>
<!-- Generated by org.testng.reporters.JUnitReportReporter -->
<testsuite hostname="Supradeepa" failures="0" tests="1" name="demo.annotations" time="0.005" errors="0" timestamp="2023-09-08T10:40:46 IST" skipped="0">
  <testcase classname="demo.annotations" name="a4" time="0.005">
    <system-out>
      <![CDATA[=====boss i am main testcase====]]>
    </system-out>
  </testcase> <!-- a4 -->
  <system-out>
    <![CDATA[====connected to database====
boss i am testcase1 
boss i am testcase2
boss i am testcase
i am supradeepa
i am supradeepa
 i am test case 4
  i am testcase7
====open the browser====
====log in to application====
=====boss i am main testcase====
====log in t application====
====open the browser====
 i am test case1
 i am test case2
i am test case3
====connected to database====]]>
  </system-out>
</testsuite> <!-- demo.annotations -->
