<?xml version="1.0" encoding="UTF-8"?>
<!-- Generated by org.testng.reporters.JUnitReportReporter -->
<testsuite hostname="Supradeepa" failures="0" tests="3" name="demo.multipletestcase" time="0.027" errors="0" timestamp="2023-08-30T15:30:34 IST" skipped="0">
  <testcase classname="demo.multipletestcase" name="w2" time="0.009">
    <system-out>
      <![CDATA[boss i am testcase2]]>
    </system-out>
  </testcase> <!-- w2 -->
  <testcase classname="demo.multipletestcase" name="w3" time="0.003">
    <system-out>
      <![CDATA[boss i am testcase]]>
    </system-out>
  </testcase> <!-- w3 -->
  <testcase classname="demo.multipletestcase" name="w1" time="0.015">
    <system-out>
      <![CDATA[boss i am testcase1 ]]>
    </system-out>
  </testcase> <!-- w1 -->
  <system-out>
    <![CDATA[boss i am testcase1 
boss i am testcase2
boss i am testcase]]>
  </system-out>
</testsuite> <!-- demo.multipletestcase -->
