<?xml version="1.0" encoding="UTF-8"?>
<!-- Generated by org.testng.reporters.JUnitReportReporter -->
<testsuite hostname="Supradeepa" failures="0" tests="1" name="demo.Twoprint" time="0.010" errors="0" timestamp="2023-08-30T15:01:40 IST" skipped="0">
  <testcase classname="demo.Twoprint" name="s1" time="0.010">
    <system-out>
      <![CDATA[i am supradeepa
i am supradeepa]]>
    </system-out>
  </testcase> <!-- s1 -->
  <system-out>
    <![CDATA[i am supradeepa
i am supradeepa]]>
  </system-out>
</testsuite> <!-- demo.Twoprint -->
