<?xml version="1.0" encoding="UTF-8"?>
<!-- Generated by org.testng.reporters.JUnitReportReporter -->
<testsuite hostname="Supradeepa" failures="0" tests="1" name="demo.annotations" time="0.009" errors="0" timestamp="2023-09-06T20:24:22 IST" skipped="0">
  <testcase classname="demo.annotations" name="a4" time="0.009">
    <system-out>
      <![CDATA[=====boss i am main testcase====]]>
    </system-out>
  </testcase> <!-- a4 -->
  <system-out>
    <![CDATA[====connected to database====
====open the browser====
====log in to application====
=====boss i am main testcase====
====log in t application====
====open the browser====
====connected to database====]]>
  </system-out>
</testsuite> <!-- demo.annotations -->
