<?xml version="1.0" encoding="UTF-8"?>
<!-- Generated by org.testng.reporters.JUnitReportReporter -->
<testsuite hostname="Supradeepa" failures="0" tests="3" name="demo.multipletestcase" time="0.015" errors="0" timestamp="2023-09-08T10:40:46 IST" skipped="0">
  <testcase classname="demo.multipletestcase" name="w1" time="0.004">
    <system-out>
      <![CDATA[boss i am testcase1 ]]>
    </system-out>
  </testcase> <!-- w1 -->
  <testcase classname="demo.multipletestcase" name="w2" time="0.005">
    <system-out>
      <![CDATA[boss i am testcase2]]>
    </system-out>
  </testcase> <!-- w2 -->
  <testcase classname="demo.multipletestcase" name="w3" time="0.006">
    <system-out>
      <![CDATA[boss i am testcase]]>
    </system-out>
  </testcase> <!-- w3 -->
  <system-out>
    <![CDATA[====connected to database====
boss i am testcase1 
boss i am testcase2
boss i am testcase
i am supradeepa
i am supradeepa
 i am test case 4
  i am testcase7
====open the browser====
====log in to application====
=====boss i am main testcase====
====log in t application====
====open the browser====
 i am test case1
 i am test case2
i am test case3
====connected to database====]]>
  </system-out>
</testsuite> <!-- demo.multipletestcase -->
