<?xml version="1.0" encoding="UTF-8"?>
<!-- Generated by org.testng.reporters.JUnitReportReporter -->
<testsuite hostname="Supradeepa" failures="0" tests="1" name="demo.Testng" time="0.001" errors="0" timestamp="2023-09-08T10:40:46 IST" skipped="0">
  <testcase classname="demo.Testng" name="machine" time="0.001"/>
  <system-out>
    <![CDATA[====connected to database====
boss i am testcase1 
boss i am testcase2
boss i am testcase
i am supradeepa
i am supradeepa
 i am test case 4
  i am testcase7
====open the browser====
====log in to application====
=====boss i am main testcase====
====log in t application====
====open the browser====
 i am test case1
 i am test case2
i am test case3
====connected to database====]]>
  </system-out>
</testsuite> <!-- demo.Testng -->
